1658544372380	geckodriver	INFO	Listening on 127.0.0.1:59604
1658544375414	mozrunner::runner	INFO	Running command: "C:\\Program Files\\Mozilla Firefox\\firefox.exe" "--marionette" "--remote-debugging-port" "59605" "--remote-allow-hosts" "localhost" "-no-remote" "-profile" "C:\\Users\\ewruble\\AppData\\Local\\Temp\\rust_mozprofileT1tHC2"
Unable to read VR Path Registry from C:\Users\ewruble\AppData\Local\openvr\openvrpaths.vrpath
Unable to read VR Path Registry from C:\Users\ewruble\AppData\Local\openvr\openvrpaths.vrpath
Unable to read VR Path Registry from C:\Users\ewruble\AppData\Local\openvr\openvrpaths.vrpath
Unable to read VR Path Registry from C:\Users\ewruble\AppData\Local\openvr\openvrpaths.vrpath
Unable to read VR Path Registry from C:\Users\ewruble\AppData\Local\openvr\openvrpaths.vrpath
1658544377142	Marionette	INFO	Listening on port 59610
1658544377564	Marionette	WARN	TLS certificate errors will be ignored for this session
JavaScript error: https://d3ey4dbjkt2f6s.cloudfront.net/packs/js/jobber-243d42b0355b4c0ca603.js, line 2: SyntaxError: invalid regexp group
console.warn: LoginRecipes: getRecipes: falling back to a synchronous message for: https://secure.getjobber.com
console.warn: nsLoginManager: searchLogins: `formSubmitURL` or `httpRealm` is recommended
[Parent 1288, Gecko_IOThread] WARNING: pipe error: 109: file z:/build/build/src/ipc/chromium/src/chrome/common/ipc_channel_win.cc, line 346
[Child 18888, Chrome_ChildThread] WARNING: pipe error: 109: file z:/build/build/src/ipc/chromium/src/chrome/common/ipc_channel_win.cc, line 346
[Child 18888, Chrome_ChildThread] WARNING: pipe error: 109: file z:/build/build/src/ipc/chromium/src/chrome/common/ipc_channel_win.cc, line 346
Unable to read VR Path Registry from C:\Users\ewruble\AppData\Local\openvr\openvrpaths.vrpath
[Child 18868, Chrome_ChildThread] WARNING: pipe error: 109: file z:/build/build/src/ipc/chromium/src/chrome/common/ipc_channel_win.cc, line 346
[Child 18868, Chrome_ChildThread] WARNING: pipe error: 109: file z:/build/build/src/ipc/chromium/src/chrome/common/ipc_channel_win.cc, line 346
[Child 4368, Chrome_ChildThread] WARNING: pipe error: 109: file z:/build/build/src/ipc/chromium/src/chrome/common/ipc_channel_win.cc, line 346
[Child 4368, Chrome_ChildThread] WARNING: pipe error: 109: file z:/build/build/src/ipc/chromium/src/chrome/common/ipc_channel_win.cc, line 346
[Child 13816, Chrome_ChildThread] WARNING: pipe error: 109: file z:/build/build/src/ipc/chromium/src/chrome/common/ipc_channel_win.cc, line 346
[Child 13816, Chrome_ChildThread] WARNING: pipe error: 109: file z:/build/build/src/ipc/chromium/src/chrome/common/ipc_channel_win.cc, line 346
[GPU 10480, Chrome_ChildThread] WARNING: pipe error: 109: file z:/build/build/src/ipc/chromium/src/chrome/common/ipc_channel_win.cc, line 346

###!!! [Child][MessageChannel::SendAndWait] Error: Channel error: cannot send/recv

1658544588746	geckodriver	INFO	Listening on 127.0.0.1:59842
1658544591778	mozrunner::runner	INFO	Running command: "C:\\Program Files\\Mozilla Firefox\\firefox.exe" "--marionette" "--remote-debugging-port" "59843" "--remote-allow-hosts" "localhost" "-no-remote" "-profile" "C:\\Users\\ewruble\\AppData\\Local\\Temp\\rust_mozprofile1D7p7m"
Unable to read VR Path Registry from C:\Users\ewruble\AppData\Local\openvr\openvrpaths.vrpath
Unable to read VR Path Registry from C:\Users\ewruble\AppData\Local\openvr\openvrpaths.vrpath
Unable to read VR Path Registry from C:\Users\ewruble\AppData\Local\openvr\openvrpaths.vrpath
Unable to read VR Path Registry from C:\Users\ewruble\AppData\Local\openvr\openvrpaths.vrpath
Unable to read VR Path Registry from C:\Users\ewruble\AppData\Local\openvr\openvrpaths.vrpath
1658544593006	Marionette	INFO	Listening on port 59848
1658544593296	Marionette	WARN	TLS certificate errors will be ignored for this session
JavaScript error: https://d3ey4dbjkt2f6s.cloudfront.net/packs/js/jobber-243d42b0355b4c0ca603.js, line 2: SyntaxError: invalid regexp group
console.error: "Protocol error (noSuchActor): No such actor for ID: server1.conn0.child1/memoryActor11"
[Parent 16856, Gecko_IOThread] WARNING: pipe error: 109: file z:/build/build/src/ipc/chromium/src/chrome/common/ipc_channel_win.cc, line 346
[Child 15164, Chrome_ChildThread] WARNING: pipe error: 109: file z:/build/build/src/ipc/chromium/src/chrome/common/ipc_channel_win.cc, line 346
[Child 15164, Chrome_ChildThread] WARNING: pipe error: 109: file z:/build/build/src/ipc/chromium/src/chrome/common/ipc_channel_win.cc, line 346
Unable to read VR Path Registry from C:\Users\ewruble\AppData\Local\openvr\openvrpaths.vrpath
[Parent 16856, Gecko_IOThread] WARNING: pipe error: 109: file z:/build/build/src/ipc/chromium/src/chrome/common/ipc_channel_win.cc, line 346
[Child 1888, Chrome_ChildThread] WARNING: pipe error: 109: file z:/build/build/src/ipc/chromium/src/chrome/common/ipc_channel_win.cc, line 346
[Child 1888, Chrome_ChildThread] WARNING: pipe error: 109: file z:/build/build/src/ipc/chromium/src/chrome/common/ipc_channel_win.cc, line 346
[Child 12340, Chrome_ChildThread] WARNING: pipe error: 109: file z:/build/build/src/ipc/chromium/src/chrome/common/ipc_channel_win.cc, line 346
[Parent 16856, Gecko_IOThread] WARNING: pipe error: 109: file z:/build/build/src/ipc/chromium/src/chrome/common/ipc_channel_win.cc, line 346
[Child 20220, Chrome_ChildThread] WARNING: pipe error: 109: file z:/build/build/src/ipc/chromium/src/chrome/common/ipc_channel_win.cc, line 346

###!!! [Child][MessageChannel::SendAndWait] Error: Channel error: cannot send/recv

1658544673472	geckodriver	INFO	Listening on 127.0.0.1:59952
1658544676524	mozrunner::runner	INFO	Running command: "C:\\Program Files\\Mozilla Firefox\\firefox.exe" "--marionette" "--remote-debugging-port" "59953" "--remote-allow-hosts" "localhost" "-no-remote" "-profile" "C:\\Users\\ewruble\\AppData\\Local\\Temp\\rust_mozprofile49yFYV"
Unable to read VR Path Registry from C:\Users\ewruble\AppDat1658544679681	mozrunner::runner	INFO	Running command: "C:\\Program Files\\Mozilla Firefox\\firefox.exe" "--marionette" "--remote-debugging-port" "59964" "--remote-allow-hosts" "localhost" "-no-remote" "-profile" "C:\\Users\\ewruble\\AppData\\Local\\Temp\\rust_mozprofile4WCyLd"
Unable to read VR Path Registry from C:\Users\ewruble\AppData\Local\openvr\openvrpaths.vrpath
Unable to read VR Path Registry from C:\Users\ewruble\AppData\Local\openvr\openvrpaths.vrpath
Unable to read VR Path Registry from C:\Users\ewruble\AppData\Local\openvr\openvrpaths.vrpath
Unable to read VR Path Registry from C:\Users\ewruble\AppData\Local\openvr\openvrpaths.vrpath
Unable to read VR Path Registry from C:[Child 17020, Chrome_ChildThread] WARNING: pipe error: 109: file z:/build/build/src/ipc/chromium/src/chrome/common/ipc_channel_win.cc, line 346
[Child 17020, Chrome_ChildThread] WARNING: pipe error: 109: file z:/build/build/src/ipc/chromium/src/chrome/common/ipc_channel_win.cc, line 346
[Child 16412, Chrome_ChildThread] WARNING: pipe [Parent 12068, Gecko_IOThread] WARNING: pipe error: 109: file z:/build/build/src/ipc/chromium/src/chrome/common/ipc_channel_win.cc, line 346
[Child 8836, Chrome_ChildThread] WARNING: pipe error: 109: file z:/build/build/src/ipc/chromium/src/chrome/common/ipc_channel_win.cc, line 346
[Child 8836, Chrome_ChildThread] WARNING: pipe error: 109: file z:/build/build/src/ipc/chromium/src/chrome/common/ipc_channel_win.cc, line 346
[Child 3240, Chrome_ChildThread] WARNING: pipe error: 109: file z:/build/build/src/ipc/chromium/src/chrome/common/ipc_channel_win.cc, line 346
[Child 3240, Chrome_ChildThread] WARNING: pipe error: 109: file z:/build/build/src/ipc/chromium/src/chrome/common/ipc_channel_win.cc, line 346
[Parent 12068, Gecko_IOThread] WARNING: pipe error: 109: file z:/build/build/src/ipc/chromium/src/chrome/common/ipc_channel_win.cc, line 346
[Child 3624, Chrome_ChildThread] WARNING: pipe error: 109: file z:/build/build/src/ipc/chromium/src/chrome/common/ipc_channel_win.cc, line 346
*** UTM:SVC TimerManager:registerTimer called after profile-before-change notification. Ignoring timer registration for id: telemetry_modules_ping
[GPU 15732, Chrome_ChildThread] WARNING: pipe error: 109: file z:/build/build/src/ipc/chromium/src/chrome/common/ipc_channel_win.cc, line 346

###!!! [Child][MessageChannel::SendAndWait] Error: Channel error: cannot send/recv

1658544718548	geckodriver	INFO	Listening on 127.0.0.1:60109
1658544721604	mozrunner::runner	INFO	Running command: "C:\\Program Files\\Mozilla Firefox\\firefox.exe" "--marionette" "--remote-debugging-port" "60110" "--remote-allow-hosts" "localhost" "-no-remote" "-profile" "C:\\Users\\ewruble\\AppData\\Local\\Temp\\rust_mozprofileWxuAPS"
Unable to read VR Path Registry from C:\Users\ewruble\AppData\Local\openvr\openvrpaths.vrpath
Unable to read VR Path Registry from C:\Users\ewruble\AppData\Local\openvr\openvrpaths.vrpath
Unable to read VR Path Registry from C:\Users\ewruble\AppData\Local\openvr\openvrpaths.vrpath
Unable to read VR Path Registry from C:\Users\ewruble\AppData\Local\openvr\openvrpaths.vrpath
Unable to read VR Path Registry from C:\Users\ewruble\AppData\Local\openvr\openvrpaths.vrpath
1658544723062	Marionette	INFO	Listening on port 60115
1658544723155	Marionette	WARN	TLS certificate errors will be ignored for this session
JavaScript error: https://d3ey4dbjkt2f6s.cloudfront.net/packs/js/jobber-243d42b0355b4c0ca603.js, line 2: SyntaxError: invalid regexp group
[Parent 16080, Gecko_IOThread] WARNING: pipe error: 109: file z:/build/build/src/ipc/chromium/src/chrome/common/ipc_channel_win.cc, line 346
[Child 8688, Chrome_ChildThread] WARNING: pipe error: 109: file z:/build/build/src/ipc/chromium/src/chrome/common/ipc_channel_win.cc, line 346
[Child 8688, Chrome_ChildThread] WARNING: pipe error: 109: file z:/build/build/src/ipc/chromium/src/chrome/common/ipc_channel_win.cc, line 346
Unable to read VR Path Registry from C:\Users\ewruble\AppData\Local\openvr\openvrpaths.vrpath
[Parent 16080, Gecko_IOThread] WARNING: pipe error: 109: file z:/build/build/src/ipc/chromium/src/chrome/common/ipc_channel_win.cc, line 346
[Parent 16080, Gecko_IOThread] WARNING: pipe error: 109: file z:/build/build/src/ipc/chromium/src/chrome/common/ipc_channel_win.cc, line 346
[Child 17660, Chrome_ChildThread] WARNING: pipe error: 109: file z:/build/build/src/ipc/chromium/src/chrome/common/ipc_channel_win.cc, line 346
[Child 17352, Chrome_ChildThread] WARNING: pipe error: 109: file z:/build/build/src/ipc/chromium/src/chrome/common/ipc_channel_win.cc, line 346
[Child 17352, Chrome_ChildThread] WARNING: pipe error: 109: file z:/build/build/src/ipc/chromium/src/chrome/common/ipc_channel_win.cc, line 346
[Parent 16080, Gecko_IOThread] WARNING: pipe error: 109: file z:/build/build/src/ipc/chromium/src/chrome/common/ipc_channel_win.cc, line 346
[Child 14304, Chrome_ChildThread] WARNING: pipe error: 109: file z:/build/build/src/ipc/chromium/src/chrome/common/ipc_channel_win.cc, line 346
[Child 14304, Chrome_ChildThread] WARNING: pipe error: 109: file z:/build/build/src/ipc/chromium/src/chrome/common/ipc_channel_win.cc, line 346
*** UTM:SVC TimerManager:registerTimer called after profile-before-change notification. Ignoring timer registration for id: telemetry_modules_ping
[GPU 8952, Chrome_ChildThread] WARNING: pipe error: 109: file z:/build/build/src/ipc/chromium/src/chrome/common/ipc_channel_win.cc, line 346

###!!! [Child][MessageChannel::SendAndWait] Error: Channel error: cannot send/recv

1658544909499	geckodriver	INFO	Listening on 127.0.0.1:61238
1658544912521	mozrunner::runner	INFO	Running command: "C:\\Program Files\\Mozilla Firefox\\firefox.exe" "--marionette" "--remote-debugging-port" "61239" "--remote-allow-hosts" "localhost" "-no-remote" "-profile" "C:\\Users\\ewruble\\AppData\\Local\\Temp\\rust_mozprofilebLinMP"
Unable to read VR Path Registry from C:\Users\ewruble\AppData\Local\openvr\openvrpaths.vrpath
Unable to read VR Path Registry from C:\Users\ewruble\AppData\Local\openvr\openvrpaths.vrpath
Unable to read VR Path Registry from C:\Users\ewruble\AppData\Local\openvr\openvrpaths.vrpath
Unable to read VR Path Registry from C:\Users\ewruble\AppData\Local\openvr\openvrpaths.vrpath
Unable to read VR Path Registry from C:\Users\ewruble\AppData\Local\openvr\openvrpaths.vrpath
1658544913888	Marionette	INFO	Listening on port 61244
1658544914052	Marionette	WARN	TLS certificate errors will be ignored for this session
JavaScript error: https://d3ey4dbjkt2f6s.cloudfront.net/packs/js/jobber-243d42b0355b4c0ca603.js, line 2: SyntaxError: invalid regexp group
IPDL protocol error: Handler returned error code!

###!!! [Parent][DispatchAsyncMessage] Error: PMessagePort::Msg_PostMessages Processing error: message was deserialized, but the handler returned false (indicating failure)

JavaScript error: https://d3ey4dbjkt2f6s.cloudfront.net/packs/js/jobber-243d42b0355b4c0ca603.js, line 2: SyntaxError: invalid regexp group
[Parent 15048, Gecko_IOThread] WARNING: pipe error: 109: file z:/build/build/src/ipc/chromium/src/chrome/common/ipc_channel_win.cc, line 346
[Parent 15048, Gecko_IOThread] WARNING: pipe error: 109: file z:/build/build/src/ipc/chromium/src/chrome/common/ipc_channel_win.cc, line 346
[Child 19924, Chrome_ChildThread] WARNING: pipe error: 109: file z:/build/build/src/ipc/chromium/src/chrome/common/ipc_channel_win.cc, line 346
[Child 3176, Chrome_ChildThread] WARNING: pipe error: 109: file z:/build/build/src/ipc/chromium/src/chrome/common/ipc_channel_win.cc, line 346
[Child 3176, Chrome_ChildThread] WARNING: pipe error: 109: file z:/build/build/src/ipc/chromium/src/chrome/common/ipc_channel_win.cc, line 346
[Parent 15048, Gecko_IOThread] WARNING: pipe error: 109: file z:/build/build/src/ipc/chromium/src/chrome/common/ipc_channel_win.cc, line 346
[Child 16584, Chrome_ChildThread] WARNING: pipe error: 109: file z:/build/build/src/ipc/chromium/src/chrome/common/ipc_channel_win.cc, line 346
[Child 16584, Chrome_ChildThread] WARNING: pipe error: 109: file z:/build/build/src/ipc/chromium/src/chrome/common/ipc_channel_win.cc, line 346
*** UTM:SVC TimerManager:registerTimer called after profile-before-change notification. Ignoring timer registration for id: telemetry_modules_ping
[GPU 11760, Chrome_ChildThread] WARNING: pipe error: 109: file z:/build/build/src/ipc/chromium/src/chrome/common/ipc_channel_win.cc, line 346

###!!! [Child][MessageChannel::SendAndWait] Error: Channel error: cannot send/recv

1658544959554	geckodriver	INFO	Listening on 127.0.0.1:61355
1658544962569	mozrunner::runner	INFO	Running command: "C:\\Program Files\\Mozilla Firefox\\firefox.exe" "--marionette" "--remote-debugging-port" "61356" "--remote-allow-hosts" "localhost" "-no-remote" "-profile" "C:\\Users\\ewruble\\AppData\\Local\\Temp\\rust_mozprofileRKepwj"
Unable to read VR Path Registry from C:\Users\ewruble\AppData\Local\openvr\openvrpaths.vrpath
Unable to read VR Path Registry from C:\Users\ewruble\AppData\Local\openvr\openvrpaths.vrpath
Unable to read VR Path Registry from C:\Users\ewruble\AppData\Local\openvr\openvrpaths.vrpath
Unable to read VR Path Registry from C:\Users\ewruble\AppData\Local\openvr\openvrpaths.vrpath
Unable to read VR Path Registry from C:\Users\ewruble\AppData\Local\openvr\openvrpaths.vrpath
1658544963927	Marionette	INFO	Listening on port 61361
1658544964111	Marionette	WARN	TLS certificate errors will be ignored for this session
JavaScript error: https://d3ey4dbjkt2f6s.cloudfront.net/packs/js/jobber-243d42b0355b4c0ca603.js, line 2: SyntaxError: invalid regexp group
[Parent 6356, Gecko_IOThread] WARNING: pipe error: 109: file z:/build/build/src/ipc/chromium/src/chrome/common/ipc_channel_win.cc, line 346
[Parent 6356, Gecko_IOThread] WARNING: pipe error: 109: file z:/build/build/src/ipc/chromium/src/chrome/common/ipc_channel_win.cc, line 346
[Child 19892, Chrome_ChildThread] WARNING: pipe error: 109: file z:/build/build/src/ipc/chromium/src/chrome/common/ipc_channel_win.cc, line 346
[Child 19892, Chrome_ChildThread] WARNING: pipe error: 109: file z:/build/build/src/ipc/chromium/src/chrome/common/ipc_channel_win.cc, line 346
[Child 14064, Chrome_ChildThread] WARNING: pipe error: 109: file z:/build/build/src/ipc/chromium/src/chrome/common/ipc_channel_win.cc, line 346
[Child 14064, Chrome_ChildThread] WARNING: pipe error: 109: file z:/build/build/src/ipc/chromium/src/chrome/common/ipc_channel_win.cc, line 346
[Child 13308, Chrome_ChildThread] WARNING: pipe error: 109: file z:/build/build/src/ipc/chromium/src/chrome/common/ipc_channel_win.cc, line 346
[Child 13308, Chrome_ChildThread] WARNING: pipe error: 109: file z:/build/build/src/ipc/chromium/src/chrome/common/ipc_channel_win.cc, line 346
*** UTM:SVC TimerManager:registerTimer called after profile-before-change notification. Ignoring timer registration for id: telemetry_modules_ping

###!!! [Child][MessageChannel::SendAndWait] Error: Channel error: cannot send/recv

1658544989599	geckodriver	INFO	Listening on 127.0.0.1:61431
1658544992594	mozrunner::runner	INFO	Running command: "C:\\Program Files\\Mozilla Firefox\\firefox.exe" "--marionette" "--remote-debugging-port" "61432" "--remote-allow-hosts" "localhost" "-no-remote" "-profile" "C:\\Users\\ewruble\\AppData\\Local\\Temp\\rust_mozprofilewYB6jk"
Unable to read VR Path Registry from C:\Users\ewruble\AppData\Local\openvr\openvrpaths.vrpath
Unable to read VR Path Registry from C:\Users\ewruble\AppData\Local\openvr\openvrpaths.vrpath
Unable to read VR Path Registry from C:\Users\ewruble\AppData\Local\openvr\openvrpaths.vrpath
Unable to read VR Path Registry from C:\Users\ewruble\AppData\Local\openvr\openvrpaths.vrpath
Unable to read VR Path Registry from C:\Users\ewruble\AppData\Local\openvr\openvrpaths.vrpath
1658544993920	Marionette	INFO	Listening on port 61437
1658544994139	Marionette	WARN	TLS certificate errors will be ignored for this session
JavaScript error: https://d3ey4dbjkt2f6s.cloudfront.net/packs/js/jobber-243d42b0355b4c0ca603.js, line 2: SyntaxError: invalid regexp group
[Child 16220, Chrome_ChildThread] WARNING: pipe error: 109: file z:/build/build/src/ipc/chromium/src/chrome/common/ipc_channel_win.cc, line 346
[Child 8920, Chrome_ChildThread] WARNING: pipe error: 232: file z:/build/build/src/ipc/chromium/src/chrome/common/ipc_channel_win.cc, line 513
[Child 8920, Chrome_ChildThread] WARNING: pipe error: 109: file z:/build/build/src/ipc/chromium/src/chrome/common/ipc_channel_win.cc, line 346
[Child 8920, Chrome_ChildThread] WARNING: pipe error: 109: file z:/build/build/src/ipc/chromium/src/chrome/common/ipc_channel_win.cc, line 346
[Parent 15020, Gecko_IOThread] WARNING: pipe error: 109: file z:/build/build/src/ipc/chromium/src/chrome/common/ipc_channel_win.cc, line 346
[Child 19488, Chrome_ChildThread] WARNING: pipe error: 109: file z:/build/build/src/ipc/chromium/src/chrome/common/ipc_channel_win.cc, line 346
[Child 19488, Chrome_ChildThread] WARNING: pipe error: 109: file z:/build/build/src/ipc/chromium/src/chrome/common/ipc_channel_win.cc, line 346
*** UTM:SVC TimerManager:registerTimer called after profile-before-change notification. Ignoring timer registration for id: telemetry_modules_ping
[GPU 14572, Chrome_ChildThread] WARNING: pipe error: 109: file z:/build/build/src/ipc/chromium/src/chrome/common/ipc_channel_win.cc, line 346

###!!! [Child][MessageChannel::SendAndWait] Error: Channel error: cannot send/recv

